<?xml version="1.0" encoding="UTF-8"?>
<!-- Generated by org.testng.reporters.JUnitReportReporter -->
<testsuite hostname="Bipin-PC" failures="0" tests="1" name="test.HomePage1Test" time="7.561" errors="0" timestamp="2020-06-16T09:20:20 IST" skipped="0">
  <testcase classname="test.HomePage1Test" name="home1" time="7.561"/>
</testsuite> <!-- test.HomePage1Test -->
